<?xml version="1.0" encoding="UTF-8"?>
<!-- Generated by org.testng.reporters.JUnitReportReporter -->
<testsuite hostname="EC2AMAZ-Q8T323D" failures="0" tests="1" name="com.aspire.qa.testCase.AspireAppTest" time="76.994" errors="0" timestamp="2022-01-29T08:20:22 UTC" skipped="0">
  <testcase classname="com.aspire.qa.testCase.AspireAppTest" name="LoginUserWithInventoryAndManufacturingTest" time="76.994"/>
  <system-out/>
</testsuite> <!-- com.aspire.qa.testCase.AspireAppTest -->
